2025-05-18T10:57:46.808+02:00  INFO 3128 --- [seminarprojekt] [main] s.s.SeminarprojektApplication            : Starting SeminarprojektApplication using Java 23.0.2 with PID 3128 (C:\Users\hanna\Unikram\seminarprojekt(1)\seminarprojekt\target\classes started by hanna in C:\Users\hanna\Unikram\seminarprojekt(1))
2025-05-18T10:57:46.812+02:00  INFO 3128 --- [seminarprojekt] [main] s.s.SeminarprojektApplication            : No active profile set, falling back to 1 default profile: "default"
2025-05-18T10:57:48.189+02:00  INFO 3128 --- [seminarprojekt] [main] .s.d.r.c.RepositoryConfigurationDelegate : Bootstrapping Spring Data MongoDB repositories in DEFAULT mode.
2025-05-18T10:57:48.452+02:00  INFO 3128 --- [seminarprojekt] [main] .s.d.r.c.RepositoryConfigurationDelegate : Finished Spring Data repository scanning in 249 ms. Found 4 MongoDB repository interfaces.
2025-05-18T10:57:48.632+02:00  INFO 3128 --- [seminarprojekt] [main] faultConfiguringBeanFactoryPostProcessor : No bean named 'errorChannel' has been explicitly defined. Therefore, a default PublishSubscribeChannel will be created.
2025-05-18T10:57:48.644+02:00  INFO 3128 --- [seminarprojekt] [main] faultConfiguringBeanFactoryPostProcessor : No bean named 'integrationHeaderChannelRegistry' has been explicitly defined. Therefore, a default DefaultHeaderChannelRegistry will be created.
2025-05-18T10:57:49.382+02:00  INFO 3128 --- [seminarprojekt] [main] o.s.b.w.embedded.tomcat.TomcatWebServer  : Tomcat initialized with port 8081 (http)
2025-05-18T10:57:49.406+02:00  INFO 3128 --- [seminarprojekt] [main] o.apache.catalina.core.StandardService   : Starting service [Tomcat]
2025-05-18T10:57:49.407+02:00  INFO 3128 --- [seminarprojekt] [main] o.apache.catalina.core.StandardEngine    : Starting Servlet engine: [Apache Tomcat/10.1.40]
2025-05-18T10:57:49.498+02:00  INFO 3128 --- [seminarprojekt] [main] o.a.c.c.C.[Tomcat].[localhost].[/]       : Initializing Spring embedded WebApplicationContext
2025-05-18T10:57:49.498+02:00  INFO 3128 --- [seminarprojekt] [main] w.s.c.ServletWebServerApplicationContext : Root WebApplicationContext: initialization completed in 2568 ms
2025-05-18T10:57:49.870+02:00  INFO 3128 --- [seminarprojekt] [main] org.mongodb.driver.client                : MongoClient with metadata {"driver": {"name": "mongo-java-driver|sync|spring-boot", "version": "5.2.1"}, "os": {"type": "Windows", "name": "Windows 11", "architecture": "amd64", "version": "10.0"}, "platform": "Java/Oracle Corporation/23.0.2+7-58"} created with settings MongoClientSettings{readPreference=primary, writeConcern=WriteConcern{w=null, wTimeout=null ms, journal=null}, retryWrites=true, retryReads=true, readConcern=ReadConcern{level=null}, credential=null, transportSettings=null, commandListeners=[], codecRegistry=ProvidersCodecRegistry{codecProviders=[ValueCodecProvider{}, BsonValueCodecProvider{}, DBRefCodecProvider{}, DBObjectCodecProvider{}, DocumentCodecProvider{}, CollectionCodecProvider{}, IterableCodecProvider{}, MapCodecProvider{}, GeoJsonCodecProvider{}, GridFSFileCodecProvider{}, Jsr310CodecProvider{}, JsonObjectCodecProvider{}, BsonCodecProvider{}, EnumCodecProvider{}, com.mongodb.client.model.mql.ExpressionCodecProvider@667dcaad, com.mongodb.Jep395RecordCodecProvider@22d7fd41, com.mongodb.KotlinCodecProvider@2c748a15]}, loggerSettings=LoggerSettings{maxDocumentLength=1000}, clusterSettings={hosts=[localhost:27017], srvServiceName=mongodb, mode=SINGLE, requiredClusterType=UNKNOWN, requiredReplicaSetName='null', serverSelector='null', clusterListeners='[]', serverSelectionTimeout='30000 ms', localThreshold='15 ms'}, socketSettings=SocketSettings{connectTimeoutMS=10000, readTimeoutMS=0, receiveBufferSize=0, proxySettings=ProxySettings{host=null, port=null, username=null, password=null}}, heartbeatSocketSettings=SocketSettings{connectTimeoutMS=10000, readTimeoutMS=10000, receiveBufferSize=0, proxySettings=ProxySettings{host=null, port=null, username=null, password=null}}, connectionPoolSettings=ConnectionPoolSettings{maxSize=100, minSize=0, maxWaitTimeMS=120000, maxConnectionLifeTimeMS=0, maxConnectionIdleTimeMS=0, maintenanceInitialDelayMS=0, maintenanceFrequencyMS=60000, connectionPoolListeners=[], maxConnecting=2}, serverSettings=ServerSettings{heartbeatFrequencyMS=10000, minHeartbeatFrequencyMS=500, serverMonitoringMode=AUTO, serverListeners='[]', serverMonitorListeners='[]'}, sslSettings=SslSettings{enabled=false, invalidHostNameAllowed=false, context=null}, applicationName='null', compressorList=[], uuidRepresentation=JAVA_LEGACY, serverApi=null, autoEncryptionSettings=null, dnsClient=null, inetAddressResolver=null, contextProvider=null, timeoutMS=null}
2025-05-18T10:57:49.916+02:00  INFO 3128 --- [seminarprojekt] [cluster-ClusterId{value='6829a10da5e76148d659bca1', description='null'}-localhost:27017] org.mongodb.driver.cluster               : Monitor thread successfully connected to server with description ServerDescription{address=localhost:27017, type=STANDALONE, cryptd=false, state=CONNECTED, ok=true, minWireVersion=0, maxWireVersion=25, maxDocumentSize=16777216, logicalSessionTimeoutMinutes=30, roundTripTimeNanos=45900100, minRoundTripTimeNanos=0}
2025-05-18T10:57:51.599+02:00  INFO 3128 --- [seminarprojekt] [main] o.s.i.endpoint.EventDrivenConsumer       : Adding {logging-channel-adapter:_org.springframework.integration.errorLogger} as a subscriber to the 'errorChannel' channel
2025-05-18T10:57:51.601+02:00  INFO 3128 --- [seminarprojekt] [main] o.s.i.channel.PublishSubscribeChannel    : Channel 'seminarprojekt.errorChannel' has 1 subscriber(s).
2025-05-18T10:57:51.602+02:00  INFO 3128 --- [seminarprojekt] [main] o.s.i.endpoint.EventDrivenConsumer       : started bean '_org.springframework.integration.errorLogger'
2025-05-18T10:57:51.602+02:00  INFO 3128 --- [seminarprojekt] [main] o.s.integration.channel.DirectChannel    : Channel 'seminarprojekt.receiveAndSaveMessagesService.channel#0' has 1 subscriber(s).
2025-05-18T10:57:51.602+02:00  INFO 3128 --- [seminarprojekt] [main] o.s.i.endpoint.EventDrivenConsumer       : started bean 'receiveAndSaveMessagesService.org.springframework.integration.config.ConsumerEndpointFactoryBean#0'; from source: 'softqarequali_seminar.seminarprojekt.MqttConfig.receiveAndSaveMessagesService()'
2025-05-18T10:57:51.604+02:00  INFO 3128 --- [seminarprojekt] [main] o.s.i.endpoint.EventDrivenConsumer       : Adding {message-handler:mqttOutbound.serviceActivator} as a subscriber to the 'mqttOutboundChannel' channel
2025-05-18T10:57:51.604+02:00  INFO 3128 --- [seminarprojekt] [main] o.s.integration.channel.DirectChannel    : Channel 'seminarprojekt.mqttOutboundChannel' has 1 subscriber(s).
2025-05-18T10:57:51.604+02:00  INFO 3128 --- [seminarprojekt] [main] o.s.i.endpoint.EventDrivenConsumer       : started bean 'mqttOutbound.serviceActivator'
2025-05-18T10:57:51.605+02:00  INFO 3128 --- [seminarprojekt] [main] ProxyFactoryBean$MethodInvocationGateway : started bean 'mqttConfig.MyGateway#sendToMqtt(String)'
2025-05-18T10:57:51.605+02:00  INFO 3128 --- [seminarprojekt] [main] .s.i.g.AnnotationGatewayProxyFactoryBean : started bean 'mqttConfig.MyGateway'; defined in: 'file [C:\Users\hanna\Unikram\seminarprojekt(1)\seminarprojekt\target\classes\softqarequali_seminar\seminarprojekt\MqttConfig$MyGateway.class]'; from source: 'file [C:\Users\hanna\Unikram\seminarprojekt(1)\seminarprojekt\target\classes\softqarequali_seminar\seminarprojekt\MqttConfig$MyGateway.class]'
2025-05-18T10:57:52.387+02:00  INFO 3128 --- [seminarprojekt] [main] .m.i.MqttPahoMessageDrivenChannelAdapter : started bean 'receiveAndSaveMessagesService.mqtt:inbound-channel-adapter#0'; from source: 'softqarequali_seminar.seminarprojekt.MqttConfig.receiveAndSaveMessagesService()'
2025-05-18T10:57:52.441+02:00  INFO 3128 --- [seminarprojekt] [main] o.s.b.w.embedded.tomcat.TomcatWebServer  : Tomcat started on port 8081 (http) with context path '/'
2025-05-18T10:57:52.460+02:00  INFO 3128 --- [seminarprojekt] [main] s.s.SeminarprojektApplication            : Started SeminarprojektApplication in 6.607 seconds (process running for 7.32)
2025-05-18T10:59:36.155+02:00  INFO 3128 --- [seminarprojekt] [http-nio-8081-exec-1] o.a.c.c.C.[Tomcat].[localhost].[/]       : Initializing Spring DispatcherServlet 'dispatcherServlet'
2025-05-18T10:59:36.156+02:00  INFO 3128 --- [seminarprojekt] [http-nio-8081-exec-1] o.s.web.servlet.DispatcherServlet        : Initializing Servlet 'dispatcherServlet'
2025-05-18T10:59:36.158+02:00  INFO 3128 --- [seminarprojekt] [http-nio-8081-exec-1] o.s.web.servlet.DispatcherServlet        : Completed initialization in 2 ms
2025-05-18T10:59:36.219+02:00  INFO 3128 --- [seminarprojekt] [http-nio-8081-exec-1] s.seminarprojekt.HTMLController          : GET request to /homepage
2025-05-18T10:59:37.919+02:00  INFO 3128 --- [seminarprojekt] [http-nio-8081-exec-2] s.seminarprojekt.HTMLController          : GET request to /homepage
2025-05-18T10:59:39.047+02:00  INFO 3128 --- [seminarprojekt] [http-nio-8081-exec-6] s.seminarprojekt.HTMLController          : GET request to /homepage
2025-05-18T10:59:40.149+02:00  INFO 3128 --- [seminarprojekt] [http-nio-8081-exec-7] s.seminarprojekt.HTMLController          : GET request to /homepage
2025-05-18T10:59:41.064+02:00  INFO 3128 --- [seminarprojekt] [http-nio-8081-exec-3] s.seminarprojekt.HTMLController          : POST request from /homepage
2025-05-18T10:59:41.065+02:00  INFO 3128 --- [seminarprojekt] [http-nio-8081-exec-3] s.seminarprojekt.HTMLController          : Sent to mqtt Broker: 1
2025-05-18T10:59:42.813+02:00  INFO 3128 --- [seminarprojekt] [http-nio-8081-exec-5] s.seminarprojekt.HTMLController          : GET request to /homepage
2025-05-18T10:59:43.919+02:00  INFO 3128 --- [seminarprojekt] [http-nio-8081-exec-4] s.seminarprojekt.HTMLController          : GET request to /homepage
2025-05-18T10:59:45.120+02:00  INFO 3128 --- [seminarprojekt] [http-nio-8081-exec-9] s.seminarprojekt.HTMLController          : GET request to /homepage
2025-05-18T10:59:46.256+02:00  INFO 3128 --- [seminarprojekt] [http-nio-8081-exec-10] s.seminarprojekt.HTMLController          : GET request to /homepage
2025-05-18T10:59:47.441+02:00  INFO 3128 --- [seminarprojekt] [http-nio-8081-exec-8] s.seminarprojekt.HTMLController          : GET request to /homepage
2025-05-18T10:59:48.547+02:00  INFO 3128 --- [seminarprojekt] [http-nio-8081-exec-1] s.seminarprojekt.HTMLController          : GET request to /homepage
2025-05-18T10:59:49.234+02:00  INFO 3128 --- [seminarprojekt] [http-nio-8081-exec-2] s.seminarprojekt.HTMLController          : POST request from /homepage
2025-05-18T10:59:49.235+02:00  INFO 3128 --- [seminarprojekt] [http-nio-8081-exec-2] s.seminarprojekt.HTMLController          : Sent to mqtt Broker: 3
2025-05-18T10:59:50.414+02:00  INFO 3128 --- [seminarprojekt] [http-nio-8081-exec-6] s.seminarprojekt.HTMLController          : GET request to /homepage
2025-05-18T10:59:51.515+02:00  INFO 3128 --- [seminarprojekt] [http-nio-8081-exec-7] s.seminarprojekt.HTMLController          : GET request to /homepage
2025-05-18T10:59:52.622+02:00  INFO 3128 --- [seminarprojekt] [http-nio-8081-exec-3] s.seminarprojekt.HTMLController          : GET request to /homepage
2025-05-18T10:59:53.719+02:00  INFO 3128 --- [seminarprojekt] [http-nio-8081-exec-5] s.seminarprojekt.HTMLController          : GET request to /homepage
2025-05-18T10:59:54.882+02:00  INFO 3128 --- [seminarprojekt] [http-nio-8081-exec-4] s.seminarprojekt.HTMLController          : GET request to /homepage
2025-05-18T10:59:54.942+02:00  INFO 3128 --- [seminarprojekt] [http-nio-8081-exec-9] s.seminarprojekt.HTMLController          : POST request from /homepage
2025-05-18T10:59:54.948+02:00  INFO 3128 --- [seminarprojekt] [http-nio-8081-exec-9] s.seminarprojekt.HTMLController          : Sent to mqtt Broker: 0
2025-05-18T10:59:56.011+02:00  INFO 3128 --- [seminarprojekt] [http-nio-8081-exec-10] s.seminarprojekt.HTMLController          : GET request to /homepage
2025-05-18T10:59:57.112+02:00  INFO 3128 --- [seminarprojekt] [http-nio-8081-exec-8] s.seminarprojekt.HTMLController          : GET request to /homepage
2025-05-18T10:59:58.233+02:00  INFO 3128 --- [seminarprojekt] [http-nio-8081-exec-1] s.seminarprojekt.HTMLController          : GET request to /homepage
2025-05-18T10:59:58.879+02:00  INFO 3128 --- [seminarprojekt] [SpringApplicationShutdownHook] o.s.b.w.e.tomcat.GracefulShutdown        : Commencing graceful shutdown. Waiting for active requests to complete
2025-05-18T10:59:58.906+02:00  INFO 3128 --- [seminarprojekt] [tomcat-shutdown] o.s.b.w.e.tomcat.GracefulShutdown        : Graceful shutdown complete
2025-05-18T11:00:04.285+02:00  INFO 3128 --- [seminarprojekt] [SpringApplicationShutdownHook] .m.i.MqttPahoMessageDrivenChannelAdapter : stopped bean 'receiveAndSaveMessagesService.mqtt:inbound-channel-adapter#0'; from source: 'softqarequali_seminar.seminarprojekt.MqttConfig.receiveAndSaveMessagesService()'
2025-05-18T11:00:04.286+02:00  INFO 3128 --- [seminarprojekt] [SpringApplicationShutdownHook] o.s.integration.channel.DirectChannel    : Channel 'seminarprojekt.receiveAndSaveMessagesService.channel#0' has 0 subscriber(s).
2025-05-18T11:00:04.286+02:00  INFO 3128 --- [seminarprojekt] [SpringApplicationShutdownHook] o.s.i.endpoint.EventDrivenConsumer       : stopped bean 'receiveAndSaveMessagesService.org.springframework.integration.config.ConsumerEndpointFactoryBean#0'; from source: 'softqarequali_seminar.seminarprojekt.MqttConfig.receiveAndSaveMessagesService()'
2025-05-18T11:00:04.286+02:00  INFO 3128 --- [seminarprojekt] [SpringApplicationShutdownHook] o.s.i.endpoint.EventDrivenConsumer       : Removing {message-handler:mqttOutbound.serviceActivator} as a subscriber to the 'mqttOutboundChannel' channel
2025-05-18T11:00:04.286+02:00  INFO 3128 --- [seminarprojekt] [SpringApplicationShutdownHook] o.s.integration.channel.DirectChannel    : Channel 'seminarprojekt.mqttOutboundChannel' has 0 subscriber(s).
2025-05-18T11:00:04.289+02:00  INFO 3128 --- [seminarprojekt] [SpringApplicationShutdownHook] o.s.i.endpoint.EventDrivenConsumer       : stopped bean 'mqttOutbound.serviceActivator'
2025-05-18T11:00:04.291+02:00  INFO 3128 --- [seminarprojekt] [SpringApplicationShutdownHook] ProxyFactoryBean$MethodInvocationGateway : stopped bean 'mqttConfig.MyGateway#sendToMqtt(String)'
2025-05-18T11:00:04.291+02:00  INFO 3128 --- [seminarprojekt] [SpringApplicationShutdownHook] .s.i.g.AnnotationGatewayProxyFactoryBean : stopped bean 'mqttConfig.MyGateway'; defined in: 'file [C:\Users\hanna\Unikram\seminarprojekt(1)\seminarprojekt\target\classes\softqarequali_seminar\seminarprojekt\MqttConfig$MyGateway.class]'; from source: 'file [C:\Users\hanna\Unikram\seminarprojekt(1)\seminarprojekt\target\classes\softqarequali_seminar\seminarprojekt\MqttConfig$MyGateway.class]'
2025-05-18T11:00:04.291+02:00  INFO 3128 --- [seminarprojekt] [SpringApplicationShutdownHook] o.s.i.endpoint.EventDrivenConsumer       : Removing {logging-channel-adapter:_org.springframework.integration.errorLogger} as a subscriber to the 'errorChannel' channel
2025-05-18T11:00:04.292+02:00  INFO 3128 --- [seminarprojekt] [SpringApplicationShutdownHook] o.s.i.channel.PublishSubscribeChannel    : Channel 'seminarprojekt.errorChannel' has 0 subscriber(s).
2025-05-18T11:00:04.292+02:00  INFO 3128 --- [seminarprojekt] [SpringApplicationShutdownHook] o.s.i.endpoint.EventDrivenConsumer       : stopped bean '_org.springframework.integration.errorLogger'
2025-05-18T11:02:17.030+02:00  INFO 15412 --- [seminarprojekt] [main] s.s.SeminarprojektApplication            : Starting SeminarprojektApplication using Java 23.0.2 with PID 15412 (C:\Users\hanna\Unikram\seminarprojekt(1)\seminarprojekt\target\classes started by hanna in C:\Users\hanna\Unikram\seminarprojekt(1))
2025-05-18T11:02:17.035+02:00  INFO 15412 --- [seminarprojekt] [main] s.s.SeminarprojektApplication            : No active profile set, falling back to 1 default profile: "default"
2025-05-18T11:02:18.440+02:00  INFO 15412 --- [seminarprojekt] [main] .s.d.r.c.RepositoryConfigurationDelegate : Bootstrapping Spring Data MongoDB repositories in DEFAULT mode.
2025-05-18T11:02:18.702+02:00  INFO 15412 --- [seminarprojekt] [main] .s.d.r.c.RepositoryConfigurationDelegate : Finished Spring Data repository scanning in 246 ms. Found 4 MongoDB repository interfaces.
2025-05-18T11:02:18.886+02:00  INFO 15412 --- [seminarprojekt] [main] faultConfiguringBeanFactoryPostProcessor : No bean named 'errorChannel' has been explicitly defined. Therefore, a default PublishSubscribeChannel will be created.
2025-05-18T11:02:18.900+02:00  INFO 15412 --- [seminarprojekt] [main] faultConfiguringBeanFactoryPostProcessor : No bean named 'integrationHeaderChannelRegistry' has been explicitly defined. Therefore, a default DefaultHeaderChannelRegistry will be created.
2025-05-18T11:02:19.639+02:00  INFO 15412 --- [seminarprojekt] [main] o.s.b.w.embedded.tomcat.TomcatWebServer  : Tomcat initialized with port 8081 (http)
2025-05-18T11:02:19.664+02:00  INFO 15412 --- [seminarprojekt] [main] o.apache.catalina.core.StandardService   : Starting service [Tomcat]
2025-05-18T11:02:19.665+02:00  INFO 15412 --- [seminarprojekt] [main] o.apache.catalina.core.StandardEngine    : Starting Servlet engine: [Apache Tomcat/10.1.40]
2025-05-18T11:02:19.757+02:00  INFO 15412 --- [seminarprojekt] [main] o.a.c.c.C.[Tomcat].[localhost].[/]       : Initializing Spring embedded WebApplicationContext
2025-05-18T11:02:19.757+02:00  INFO 15412 --- [seminarprojekt] [main] w.s.c.ServletWebServerApplicationContext : Root WebApplicationContext: initialization completed in 2600 ms
2025-05-18T11:02:20.171+02:00  INFO 15412 --- [seminarprojekt] [main] org.mongodb.driver.client                : MongoClient with metadata {"driver": {"name": "mongo-java-driver|sync|spring-boot", "version": "5.2.1"}, "os": {"type": "Windows", "name": "Windows 11", "architecture": "amd64", "version": "10.0"}, "platform": "Java/Oracle Corporation/23.0.2+7-58"} created with settings MongoClientSettings{readPreference=primary, writeConcern=WriteConcern{w=null, wTimeout=null ms, journal=null}, retryWrites=true, retryReads=true, readConcern=ReadConcern{level=null}, credential=null, transportSettings=null, commandListeners=[], codecRegistry=ProvidersCodecRegistry{codecProviders=[ValueCodecProvider{}, BsonValueCodecProvider{}, DBRefCodecProvider{}, DBObjectCodecProvider{}, DocumentCodecProvider{}, CollectionCodecProvider{}, IterableCodecProvider{}, MapCodecProvider{}, GeoJsonCodecProvider{}, GridFSFileCodecProvider{}, Jsr310CodecProvider{}, JsonObjectCodecProvider{}, BsonCodecProvider{}, EnumCodecProvider{}, com.mongodb.client.model.mql.ExpressionCodecProvider@2c748a15, com.mongodb.Jep395RecordCodecProvider@19fd43da, com.mongodb.KotlinCodecProvider@115dcaea]}, loggerSettings=LoggerSettings{maxDocumentLength=1000}, clusterSettings={hosts=[localhost:27017], srvServiceName=mongodb, mode=SINGLE, requiredClusterType=UNKNOWN, requiredReplicaSetName='null', serverSelector='null', clusterListeners='[]', serverSelectionTimeout='30000 ms', localThreshold='15 ms'}, socketSettings=SocketSettings{connectTimeoutMS=10000, readTimeoutMS=0, receiveBufferSize=0, proxySettings=ProxySettings{host=null, port=null, username=null, password=null}}, heartbeatSocketSettings=SocketSettings{connectTimeoutMS=10000, readTimeoutMS=10000, receiveBufferSize=0, proxySettings=ProxySettings{host=null, port=null, username=null, password=null}}, connectionPoolSettings=ConnectionPoolSettings{maxSize=100, minSize=0, maxWaitTimeMS=120000, maxConnectionLifeTimeMS=0, maxConnectionIdleTimeMS=0, maintenanceInitialDelayMS=0, maintenanceFrequencyMS=60000, connectionPoolListeners=[], maxConnecting=2}, serverSettings=ServerSettings{heartbeatFrequencyMS=10000, minHeartbeatFrequencyMS=500, serverMonitoringMode=AUTO, serverListeners='[]', serverMonitorListeners='[]'}, sslSettings=SslSettings{enabled=false, invalidHostNameAllowed=false, context=null}, applicationName='null', compressorList=[], uuidRepresentation=JAVA_LEGACY, serverApi=null, autoEncryptionSettings=null, dnsClient=null, inetAddressResolver=null, contextProvider=null, timeoutMS=null}
2025-05-18T11:02:20.217+02:00  INFO 15412 --- [seminarprojekt] [cluster-ClusterId{value='6829a21c70106f1701ae8c8c', description='null'}-localhost:27017] org.mongodb.driver.cluster               : Monitor thread successfully connected to server with description ServerDescription{address=localhost:27017, type=STANDALONE, cryptd=false, state=CONNECTED, ok=true, minWireVersion=0, maxWireVersion=25, maxDocumentSize=16777216, logicalSessionTimeoutMinutes=30, roundTripTimeNanos=43567300, minRoundTripTimeNanos=0}
2025-05-18T11:02:21.827+02:00  INFO 15412 --- [seminarprojekt] [main] o.s.i.endpoint.EventDrivenConsumer       : Adding {logging-channel-adapter:_org.springframework.integration.errorLogger} as a subscriber to the 'errorChannel' channel
2025-05-18T11:02:21.828+02:00  INFO 15412 --- [seminarprojekt] [main] o.s.i.channel.PublishSubscribeChannel    : Channel 'seminarprojekt.errorChannel' has 1 subscriber(s).
2025-05-18T11:02:21.830+02:00  INFO 15412 --- [seminarprojekt] [main] o.s.i.endpoint.EventDrivenConsumer       : started bean '_org.springframework.integration.errorLogger'
2025-05-18T11:02:21.831+02:00  INFO 15412 --- [seminarprojekt] [main] o.s.integration.channel.DirectChannel    : Channel 'seminarprojekt.receiveAndSaveMessagesService.channel#0' has 1 subscriber(s).
2025-05-18T11:02:21.831+02:00  INFO 15412 --- [seminarprojekt] [main] o.s.i.endpoint.EventDrivenConsumer       : started bean 'receiveAndSaveMessagesService.org.springframework.integration.config.ConsumerEndpointFactoryBean#0'; from source: 'softqarequali_seminar.seminarprojekt.MqttConfig.receiveAndSaveMessagesService()'
2025-05-18T11:02:21.832+02:00  INFO 15412 --- [seminarprojekt] [main] o.s.i.endpoint.EventDrivenConsumer       : Adding {message-handler:mqttOutbound.serviceActivator} as a subscriber to the 'mqttOutboundChannel' channel
2025-05-18T11:02:21.832+02:00  INFO 15412 --- [seminarprojekt] [main] o.s.integration.channel.DirectChannel    : Channel 'seminarprojekt.mqttOutboundChannel' has 1 subscriber(s).
2025-05-18T11:02:21.832+02:00  INFO 15412 --- [seminarprojekt] [main] o.s.i.endpoint.EventDrivenConsumer       : started bean 'mqttOutbound.serviceActivator'
2025-05-18T11:02:21.833+02:00  INFO 15412 --- [seminarprojekt] [main] ProxyFactoryBean$MethodInvocationGateway : started bean 'mqttConfig.MyGateway#sendToMqtt(String)'
2025-05-18T11:02:21.833+02:00  INFO 15412 --- [seminarprojekt] [main] .s.i.g.AnnotationGatewayProxyFactoryBean : started bean 'mqttConfig.MyGateway'; defined in: 'file [C:\Users\hanna\Unikram\seminarprojekt(1)\seminarprojekt\target\classes\softqarequali_seminar\seminarprojekt\MqttConfig$MyGateway.class]'; from source: 'file [C:\Users\hanna\Unikram\seminarprojekt(1)\seminarprojekt\target\classes\softqarequali_seminar\seminarprojekt\MqttConfig$MyGateway.class]'
2025-05-18T11:02:22.524+02:00  INFO 15412 --- [seminarprojekt] [main] .m.i.MqttPahoMessageDrivenChannelAdapter : started bean 'receiveAndSaveMessagesService.mqtt:inbound-channel-adapter#0'; from source: 'softqarequali_seminar.seminarprojekt.MqttConfig.receiveAndSaveMessagesService()'
2025-05-18T11:02:22.575+02:00  INFO 15412 --- [seminarprojekt] [main] o.s.b.w.embedded.tomcat.TomcatWebServer  : Tomcat started on port 8081 (http) with context path '/'
2025-05-18T11:02:22.601+02:00  INFO 15412 --- [seminarprojekt] [main] s.s.SeminarprojektApplication            : Started SeminarprojektApplication in 6.509 seconds (process running for 7.263)
2025-05-18T11:02:34.813+02:00  INFO 15412 --- [seminarprojekt] [http-nio-8081-exec-1] o.a.c.c.C.[Tomcat].[localhost].[/]       : Initializing Spring DispatcherServlet 'dispatcherServlet'
2025-05-18T11:02:34.814+02:00  INFO 15412 --- [seminarprojekt] [http-nio-8081-exec-1] o.s.web.servlet.DispatcherServlet        : Initializing Servlet 'dispatcherServlet'
2025-05-18T11:02:34.816+02:00  INFO 15412 --- [seminarprojekt] [http-nio-8081-exec-1] o.s.web.servlet.DispatcherServlet        : Completed initialization in 2 ms
2025-05-18T11:02:34.885+02:00  INFO 15412 --- [seminarprojekt] [http-nio-8081-exec-1] s.seminarprojekt.HTMLController          : GET request to /homepage
2025-05-18T11:02:36.568+02:00  INFO 15412 --- [seminarprojekt] [http-nio-8081-exec-2] s.seminarprojekt.HTMLController          : GET request to /homepage
2025-05-18T11:02:37.678+02:00  INFO 15412 --- [seminarprojekt] [http-nio-8081-exec-3] s.seminarprojekt.HTMLController          : GET request to /homepage
2025-05-18T11:02:38.075+02:00  INFO 15412 --- [seminarprojekt] [http-nio-8081-exec-4] s.seminarprojekt.HTMLController          : POST request from /homepage
2025-05-18T11:02:38.075+02:00  INFO 15412 --- [seminarprojekt] [http-nio-8081-exec-4] s.seminarprojekt.HTMLController          : Sent to mqtt Broker: 2
2025-05-18T11:02:39.663+02:00  INFO 15412 --- [seminarprojekt] [http-nio-8081-exec-5] s.seminarprojekt.HTMLController          : GET request to /homepage
2025-05-18T11:02:40.767+02:00  INFO 15412 --- [seminarprojekt] [http-nio-8081-exec-6] s.seminarprojekt.HTMLController          : GET request to /homepage
2025-05-18T11:02:41.872+02:00  INFO 15412 --- [seminarprojekt] [http-nio-8081-exec-7] s.seminarprojekt.HTMLController          : GET request to /homepage
2025-05-18T11:02:42.967+02:00  INFO 15412 --- [seminarprojekt] [http-nio-8081-exec-8] s.seminarprojekt.HTMLController          : GET request to /homepage
2025-05-18T11:02:43.870+02:00  INFO 15412 --- [seminarprojekt] [http-nio-8081-exec-9] s.seminarprojekt.HTMLController          : POST request from /homepage
2025-05-18T11:02:43.872+02:00  INFO 15412 --- [seminarprojekt] [http-nio-8081-exec-9] s.seminarprojekt.HTMLController          : Sent to mqtt Broker: 3
2025-05-18T11:02:44.945+02:00  INFO 15412 --- [seminarprojekt] [http-nio-8081-exec-10] s.seminarprojekt.HTMLController          : GET request to /homepage
2025-05-18T11:02:46.054+02:00  INFO 15412 --- [seminarprojekt] [http-nio-8081-exec-1] s.seminarprojekt.HTMLController          : GET request to /homepage
2025-05-18T11:02:47.163+02:00  INFO 15412 --- [seminarprojekt] [http-nio-8081-exec-2] s.seminarprojekt.HTMLController          : GET request to /homepage
2025-05-18T11:02:48.335+02:00  INFO 15412 --- [seminarprojekt] [http-nio-8081-exec-3] s.seminarprojekt.HTMLController          : GET request to /homepage
2025-05-18T11:02:49.471+02:00  INFO 15412 --- [seminarprojekt] [http-nio-8081-exec-4] s.seminarprojekt.HTMLController          : GET request to /homepage
2025-05-18T11:02:50.568+02:00  INFO 15412 --- [seminarprojekt] [http-nio-8081-exec-5] s.seminarprojekt.HTMLController          : GET request to /homepage
2025-05-18T11:02:51.679+02:00  INFO 15412 --- [seminarprojekt] [http-nio-8081-exec-6] s.seminarprojekt.HTMLController          : GET request to /homepage
2025-05-18T11:02:51.802+02:00  INFO 15412 --- [seminarprojekt] [SpringApplicationShutdownHook] o.s.b.w.e.tomcat.GracefulShutdown        : Commencing graceful shutdown. Waiting for active requests to complete
2025-05-18T11:02:51.856+02:00  INFO 15412 --- [seminarprojekt] [tomcat-shutdown] o.s.b.w.e.tomcat.GracefulShutdown        : Graceful shutdown complete
2025-05-18T11:02:57.031+02:00  INFO 15412 --- [seminarprojekt] [SpringApplicationShutdownHook] .m.i.MqttPahoMessageDrivenChannelAdapter : stopped bean 'receiveAndSaveMessagesService.mqtt:inbound-channel-adapter#0'; from source: 'softqarequali_seminar.seminarprojekt.MqttConfig.receiveAndSaveMessagesService()'
2025-05-18T11:02:57.032+02:00  INFO 15412 --- [seminarprojekt] [SpringApplicationShutdownHook] o.s.integration.channel.DirectChannel    : Channel 'seminarprojekt.receiveAndSaveMessagesService.channel#0' has 0 subscriber(s).
2025-05-18T11:02:57.032+02:00  INFO 15412 --- [seminarprojekt] [SpringApplicationShutdownHook] o.s.i.endpoint.EventDrivenConsumer       : stopped bean 'receiveAndSaveMessagesService.org.springframework.integration.config.ConsumerEndpointFactoryBean#0'; from source: 'softqarequali_seminar.seminarprojekt.MqttConfig.receiveAndSaveMessagesService()'
2025-05-18T11:02:57.032+02:00  INFO 15412 --- [seminarprojekt] [SpringApplicationShutdownHook] o.s.i.endpoint.EventDrivenConsumer       : Removing {message-handler:mqttOutbound.serviceActivator} as a subscriber to the 'mqttOutboundChannel' channel
2025-05-18T11:02:57.032+02:00  INFO 15412 --- [seminarprojekt] [SpringApplicationShutdownHook] o.s.integration.channel.DirectChannel    : Channel 'seminarprojekt.mqttOutboundChannel' has 0 subscriber(s).
2025-05-18T11:02:57.035+02:00  INFO 15412 --- [seminarprojekt] [SpringApplicationShutdownHook] o.s.i.endpoint.EventDrivenConsumer       : stopped bean 'mqttOutbound.serviceActivator'
2025-05-18T11:02:57.036+02:00  INFO 15412 --- [seminarprojekt] [SpringApplicationShutdownHook] ProxyFactoryBean$MethodInvocationGateway : stopped bean 'mqttConfig.MyGateway#sendToMqtt(String)'
2025-05-18T11:02:57.037+02:00  INFO 15412 --- [seminarprojekt] [SpringApplicationShutdownHook] .s.i.g.AnnotationGatewayProxyFactoryBean : stopped bean 'mqttConfig.MyGateway'; defined in: 'file [C:\Users\hanna\Unikram\seminarprojekt(1)\seminarprojekt\target\classes\softqarequali_seminar\seminarprojekt\MqttConfig$MyGateway.class]'; from source: 'file [C:\Users\hanna\Unikram\seminarprojekt(1)\seminarprojekt\target\classes\softqarequali_seminar\seminarprojekt\MqttConfig$MyGateway.class]'
2025-05-18T11:02:57.037+02:00  INFO 15412 --- [seminarprojekt] [SpringApplicationShutdownHook] o.s.i.endpoint.EventDrivenConsumer       : Removing {logging-channel-adapter:_org.springframework.integration.errorLogger} as a subscriber to the 'errorChannel' channel
2025-05-18T11:02:57.037+02:00  INFO 15412 --- [seminarprojekt] [SpringApplicationShutdownHook] o.s.i.channel.PublishSubscribeChannel    : Channel 'seminarprojekt.errorChannel' has 0 subscriber(s).
2025-05-18T11:02:57.038+02:00  INFO 15412 --- [seminarprojekt] [SpringApplicationShutdownHook] o.s.i.endpoint.EventDrivenConsumer       : stopped bean '_org.springframework.integration.errorLogger'
